<?xml version="1.0" encoding="UTF-8"?>
<testng-results ignored="28" total="31" passed="3" failed="0" skipped="0">
  <reporter-output>
  </reporter-output>
  <suite started-at="2022-05-23T12:33:38 IST" name="Suite" finished-at="2022-05-23T12:35:24 IST" duration-ms="105674">
    <groups>
      <group name="Sanity">
        <method signature="AddToCartPageTest.addToCartTest(java.lang.String,java.lang.String,java.lang.String)[pri:0, instance:com.myStore.testcases.AddToCartPageTest@31fa1761]" name="addToCartTest" class="com.myStore.testcases.AddToCartPageTest"/>
      </group> <!-- Sanity -->
      <group name="Regression">
        <method signature="AddToCartPageTest.addToCartTest(java.lang.String,java.lang.String,java.lang.String)[pri:0, instance:com.myStore.testcases.AddToCartPageTest@31fa1761]" name="addToCartTest" class="com.myStore.testcases.AddToCartPageTest"/>
        <method signature="EndToEndTest.endToEndTest(java.lang.String,java.lang.String,java.lang.String)[pri:0, instance:com.myStore.testcases.EndToEndTest@4dbb42b7]" name="endToEndTest" class="com.myStore.testcases.EndToEndTest"/>
        <method signature="OrderPageTest.verifyTotalPrice(java.lang.String,java.lang.String,java.lang.String)[pri:0, instance:com.myStore.testcases.OrderPageTest@6404f418]" name="verifyTotalPrice" class="com.myStore.testcases.OrderPageTest"/>
      </group> <!-- Regression -->
    </groups>
    <test started-at="2022-05-23T12:33:38 IST" name="Regression" finished-at="2022-05-23T12:35:24 IST" duration-ms="105674">
      <class name="com.myStore.testcases.AddToCartPageTest">
        <test-method is-config="true" signature="setup(java.lang.String)[pri:0, instance:com.myStore.testcases.AddToCartPageTest@31fa1761]" started-at="2022-05-23T12:34:18 IST" name="setup" finished-at="2022-05-23T12:34:30 IST" duration-ms="12636" status="PASS">
          <params>
            <param index="0">
              <value>
                <![CDATA[Chrome]]>
              </value>
            </param>
          </params>
          <reporter-output>
          </reporter-output>
        </test-method> <!-- setup -->
        <test-method signature="addToCartTest(java.lang.String,java.lang.String,java.lang.String)[pri:0, instance:com.myStore.testcases.AddToCartPageTest@31fa1761]" started-at="2022-05-23T12:34:30 IST" name="addToCartTest" data-provider="getProduct" finished-at="2022-05-23T12:34:41 IST" duration-ms="11054" status="PASS">
          <params>
            <param index="0">
              <value>
                <![CDATA[t-shirt]]>
              </value>
            </param>
            <param index="1">
              <value>
                <![CDATA[2.0]]>
              </value>
            </param>
            <param index="2">
              <value>
                <![CDATA[M]]>
              </value>
            </param>
          </params>
          <reporter-output>
          </reporter-output>
        </test-method> <!-- addToCartTest -->
        <test-method is-config="true" signature="tearDown()[pri:0, instance:com.myStore.testcases.AddToCartPageTest@31fa1761]" started-at="2022-05-23T12:34:41 IST" name="tearDown" finished-at="2022-05-23T12:34:42 IST" duration-ms="302" status="PASS">
          <reporter-output>
          </reporter-output>
        </test-method> <!-- tearDown -->
      </class> <!-- com.myStore.testcases.AddToCartPageTest -->
      <class name="com.myStore.testcases.EndToEndTest">
        <test-method is-config="true" signature="setup(java.lang.String)[pri:0, instance:com.myStore.testcases.EndToEndTest@4dbb42b7]" started-at="2022-05-23T12:34:42 IST" name="setup" finished-at="2022-05-23T12:34:51 IST" duration-ms="9626" status="PASS">
          <params>
            <param index="0">
              <value>
                <![CDATA[Chrome]]>
              </value>
            </param>
          </params>
          <reporter-output>
          </reporter-output>
        </test-method> <!-- setup -->
        <test-method signature="endToEndTest(java.lang.String,java.lang.String,java.lang.String)[pri:0, instance:com.myStore.testcases.EndToEndTest@4dbb42b7]" started-at="2022-05-23T12:34:51 IST" name="endToEndTest" data-provider="getProduct" finished-at="2022-05-23T12:35:23 IST" duration-ms="31053" status="PASS">
          <params>
            <param index="0">
              <value>
                <![CDATA[t-shirt]]>
              </value>
            </param>
            <param index="1">
              <value>
                <![CDATA[2.0]]>
              </value>
            </param>
            <param index="2">
              <value>
                <![CDATA[M]]>
              </value>
            </param>
          </params>
          <reporter-output>
          </reporter-output>
        </test-method> <!-- endToEndTest -->
        <test-method is-config="true" signature="tearDown()[pri:0, instance:com.myStore.testcases.EndToEndTest@4dbb42b7]" started-at="2022-05-23T12:35:23 IST" name="tearDown" finished-at="2022-05-23T12:35:24 IST" duration-ms="1096" status="PASS">
          <reporter-output>
          </reporter-output>
        </test-method> <!-- tearDown -->
      </class> <!-- com.myStore.testcases.EndToEndTest -->
      <class name="com.myStore.testcases.OrderPageTest">
        <test-method is-config="true" signature="setup(java.lang.String)[pri:0, instance:com.myStore.testcases.OrderPageTest@6404f418]" started-at="2022-05-23T12:33:39 IST" name="setup" finished-at="2022-05-23T12:33:58 IST" duration-ms="19459" status="PASS">
          <params>
            <param index="0">
              <value>
                <![CDATA[Chrome]]>
              </value>
            </param>
          </params>
          <reporter-output>
          </reporter-output>
        </test-method> <!-- setup -->
        <test-method signature="verifyTotalPrice(java.lang.String,java.lang.String,java.lang.String)[pri:0, instance:com.myStore.testcases.OrderPageTest@6404f418]" started-at="2022-05-23T12:33:58 IST" name="verifyTotalPrice" data-provider="getProduct" finished-at="2022-05-23T12:34:17 IST" duration-ms="18632" status="PASS">
          <params>
            <param index="0">
              <value>
                <![CDATA[t-shirt]]>
              </value>
            </param>
            <param index="1">
              <value>
                <![CDATA[2.0]]>
              </value>
            </param>
            <param index="2">
              <value>
                <![CDATA[M]]>
              </value>
            </param>
          </params>
          <reporter-output>
          </reporter-output>
        </test-method> <!-- verifyTotalPrice -->
        <test-method is-config="true" signature="tearDown()[pri:0, instance:com.myStore.testcases.OrderPageTest@6404f418]" started-at="2022-05-23T12:34:17 IST" name="tearDown" finished-at="2022-05-23T12:34:18 IST" duration-ms="699" status="PASS">
          <reporter-output>
          </reporter-output>
        </test-method> <!-- tearDown -->
      </class> <!-- com.myStore.testcases.OrderPageTest -->
      <class name="com.myStore.testcases.HomePageTest">
        <test-method is-config="true" signature="beforeSuite()[pri:0, instance:com.myStore.testcases.HomePageTest@3a44431a]" started-at="2022-05-23T12:33:38 IST" name="beforeSuite" finished-at="2022-05-23T12:33:38 IST" duration-ms="446" status="PASS">
          <reporter-output>
          </reporter-output>
        </test-method> <!-- beforeSuite -->
        <test-method is-config="true" signature="loadConfig()[pri:0, instance:com.myStore.testcases.HomePageTest@3a44431a]" started-at="2022-05-23T12:33:38 IST" name="loadConfig" finished-at="2022-05-23T12:33:38 IST" duration-ms="6" status="PASS">
          <reporter-output>
          </reporter-output>
        </test-method> <!-- loadConfig -->
        <test-method is-config="true" signature="afterSuite()[pri:0, instance:com.myStore.testcases.HomePageTest@3a44431a]" started-at="2022-05-23T12:35:24 IST" name="afterSuite" finished-at="2022-05-23T12:35:24 IST" duration-ms="572" status="PASS">
          <reporter-output>
          </reporter-output>
        </test-method> <!-- afterSuite -->
      </class> <!-- com.myStore.testcases.HomePageTest -->
    </test> <!-- Regression -->
  </suite> <!-- Suite -->
</testng-results>
