<?xml version="1.0" encoding="UTF-8"?>
<testng-results ignored="25" total="31" passed="6" failed="0" skipped="0">
  <reporter-output>
  </reporter-output>
  <suite started-at="2022-05-18T22:58:45 IST" name="Suite" finished-at="2022-05-18T23:00:47 IST" duration-ms="122408">
    <groups>
      <group name="Sanity">
        <method signature="LoginPageTest.loginTest(java.lang.String,java.lang.String)[pri:0, instance:com.myStore.testcases.LoginPageTest@4803b726]" name="loginTest" class="com.myStore.testcases.LoginPageTest"/>
      </group> <!-- Sanity -->
      <group name="Smoke">
        <method signature="HomePageTest.orderHistoryandDetailsTest(java.lang.String,java.lang.String)[pri:0, instance:com.myStore.testcases.HomePageTest@37d4349f]" name="orderHistoryandDetailsTest" class="com.myStore.testcases.HomePageTest"/>
        <method signature="HomePageTest.wishListTest(java.lang.String,java.lang.String)[pri:0, instance:com.myStore.testcases.HomePageTest@37d4349f]" name="wishListTest" class="com.myStore.testcases.HomePageTest"/>
        <method signature="IndexPageTest.verifyLogo()[pri:0, instance:com.myStore.testcases.IndexPageTest@3e11f9e9]" name="verifyLogo" class="com.myStore.testcases.IndexPageTest"/>
        <method signature="IndexPageTest.verifyTitle()[pri:0, instance:com.myStore.testcases.IndexPageTest@3e11f9e9]" name="verifyTitle" class="com.myStore.testcases.IndexPageTest"/>
        <method signature="LoginPageTest.loginTest(java.lang.String,java.lang.String)[pri:0, instance:com.myStore.testcases.LoginPageTest@4803b726]" name="loginTest" class="com.myStore.testcases.LoginPageTest"/>
        <method signature="SearchResultPageTest.productAvailabilityTest(java.lang.String)[pri:0, instance:com.myStore.testcases.SearchResultPageTest@f0da945]" name="productAvailabilityTest" class="com.myStore.testcases.SearchResultPageTest"/>
      </group> <!-- Smoke -->
    </groups>
    <test started-at="2022-05-18T22:58:45 IST" name="Smoke" finished-at="2022-05-18T23:00:47 IST" duration-ms="122408">
      <class name="com.myStore.testcases.SearchResultPageTest">
        <test-method is-config="true" signature="setup()[pri:0, instance:com.myStore.testcases.SearchResultPageTest@f0da945]" started-at="2022-05-18T22:59:40 IST" name="setup" finished-at="2022-05-18T22:59:53 IST" duration-ms="12483" status="PASS">
          <reporter-output>
          </reporter-output>
        </test-method> <!-- setup -->
        <test-method signature="productAvailabilityTest(java.lang.String)[pri:0, instance:com.myStore.testcases.SearchResultPageTest@f0da945]" started-at="2022-05-18T22:59:53 IST" name="productAvailabilityTest" data-provider="searchProduct" finished-at="2022-05-18T22:59:58 IST" duration-ms="5683" status="PASS">
          <params>
            <param index="0">
              <value>
                <![CDATA[t-shirt]]>
              </value>
            </param>
          </params>
          <reporter-output>
          </reporter-output>
        </test-method> <!-- productAvailabilityTest -->
        <test-method is-config="true" signature="tearDown()[pri:0, instance:com.myStore.testcases.SearchResultPageTest@f0da945]" started-at="2022-05-18T22:59:58 IST" name="tearDown" finished-at="2022-05-18T22:59:59 IST" duration-ms="319" status="PASS">
          <reporter-output>
          </reporter-output>
        </test-method> <!-- tearDown -->
      </class> <!-- com.myStore.testcases.SearchResultPageTest -->
      <class name="com.myStore.testcases.LoginPageTest">
        <test-method is-config="true" signature="setup()[pri:0, instance:com.myStore.testcases.LoginPageTest@4803b726]" started-at="2022-05-18T22:59:59 IST" name="setup" finished-at="2022-05-18T23:00:11 IST" duration-ms="12216" status="PASS">
          <reporter-output>
          </reporter-output>
        </test-method> <!-- setup -->
        <test-method signature="loginTest(java.lang.String,java.lang.String)[pri:0, instance:com.myStore.testcases.LoginPageTest@4803b726]" started-at="2022-05-18T23:00:11 IST" name="loginTest" data-provider="credentials" finished-at="2022-05-18T23:00:27 IST" duration-ms="16178" status="PASS">
          <params>
            <param index="0">
              <value>
                <![CDATA[admin@xyz.com]]>
              </value>
            </param>
            <param index="1">
              <value>
                <![CDATA[admin@123]]>
              </value>
            </param>
          </params>
          <reporter-output>
          </reporter-output>
        </test-method> <!-- loginTest -->
        <test-method is-config="true" signature="tearDown()[pri:0, instance:com.myStore.testcases.LoginPageTest@4803b726]" started-at="2022-05-18T23:00:27 IST" name="tearDown" finished-at="2022-05-18T23:00:27 IST" duration-ms="272" status="PASS">
          <reporter-output>
          </reporter-output>
        </test-method> <!-- tearDown -->
      </class> <!-- com.myStore.testcases.LoginPageTest -->
      <class name="com.myStore.testcases.HomePageTest">
        <test-method is-config="true" signature="beforeSuite()[pri:0, instance:com.myStore.testcases.HomePageTest@37d4349f]" started-at="2022-05-18T22:58:44 IST" name="beforeSuite" finished-at="2022-05-18T22:58:45 IST" duration-ms="270" status="PASS">
          <reporter-output>
          </reporter-output>
        </test-method> <!-- beforeSuite -->
        <test-method is-config="true" signature="loadConfig()[pri:0, instance:com.myStore.testcases.HomePageTest@37d4349f]" started-at="2022-05-18T22:58:45 IST" name="loadConfig" finished-at="2022-05-18T22:58:45 IST" duration-ms="1" status="PASS">
          <reporter-output>
          </reporter-output>
        </test-method> <!-- loadConfig -->
        <test-method is-config="true" signature="setup()[pri:0, instance:com.myStore.testcases.HomePageTest@37d4349f]" started-at="2022-05-18T22:58:45 IST" name="setup" finished-at="2022-05-18T22:59:00 IST" duration-ms="14150" status="PASS">
          <reporter-output>
          </reporter-output>
        </test-method> <!-- setup -->
        <test-method signature="orderHistoryandDetailsTest(java.lang.String,java.lang.String)[pri:0, instance:com.myStore.testcases.HomePageTest@37d4349f]" started-at="2022-05-18T22:59:00 IST" name="orderHistoryandDetailsTest" data-provider="credentials" finished-at="2022-05-18T22:59:15 IST" duration-ms="15310" status="PASS">
          <params>
            <param index="0">
              <value>
                <![CDATA[admin@xyz.com]]>
              </value>
            </param>
            <param index="1">
              <value>
                <![CDATA[admin@123]]>
              </value>
            </param>
          </params>
          <reporter-output>
          </reporter-output>
        </test-method> <!-- orderHistoryandDetailsTest -->
        <test-method is-config="true" signature="tearDown()[pri:0, instance:com.myStore.testcases.HomePageTest@37d4349f]" started-at="2022-05-18T22:59:15 IST" name="tearDown" finished-at="2022-05-18T22:59:15 IST" duration-ms="277" status="PASS">
          <reporter-output>
          </reporter-output>
        </test-method> <!-- tearDown -->
        <test-method is-config="true" signature="setup()[pri:0, instance:com.myStore.testcases.HomePageTest@37d4349f]" started-at="2022-05-18T22:59:15 IST" name="setup" finished-at="2022-05-18T22:59:26 IST" duration-ms="10706" status="PASS">
          <reporter-output>
          </reporter-output>
        </test-method> <!-- setup -->
        <test-method signature="wishListTest(java.lang.String,java.lang.String)[pri:0, instance:com.myStore.testcases.HomePageTest@37d4349f]" started-at="2022-05-18T22:59:26 IST" name="wishListTest" data-provider="credentials" finished-at="2022-05-18T22:59:40 IST" duration-ms="13857" status="PASS">
          <params>
            <param index="0">
              <value>
                <![CDATA[admin@xyz.com]]>
              </value>
            </param>
            <param index="1">
              <value>
                <![CDATA[admin@123]]>
              </value>
            </param>
          </params>
          <reporter-output>
          </reporter-output>
        </test-method> <!-- wishListTest -->
        <test-method is-config="true" signature="tearDown()[pri:0, instance:com.myStore.testcases.HomePageTest@37d4349f]" started-at="2022-05-18T22:59:40 IST" name="tearDown" finished-at="2022-05-18T22:59:40 IST" duration-ms="251" status="PASS">
          <reporter-output>
          </reporter-output>
        </test-method> <!-- tearDown -->
        <test-method is-config="true" signature="afterSuite()[pri:0, instance:com.myStore.testcases.HomePageTest@37d4349f]" started-at="2022-05-18T23:00:47 IST" name="afterSuite" finished-at="2022-05-18T23:00:47 IST" duration-ms="337" status="PASS">
          <reporter-output>
          </reporter-output>
        </test-method> <!-- afterSuite -->
      </class> <!-- com.myStore.testcases.HomePageTest -->
      <class name="com.myStore.testcases.IndexPageTest">
        <test-method is-config="true" signature="setup()[pri:0, instance:com.myStore.testcases.IndexPageTest@3e11f9e9]" started-at="2022-05-18T23:00:27 IST" name="setup" finished-at="2022-05-18T23:00:37 IST" duration-ms="9815" status="PASS">
          <reporter-output>
          </reporter-output>
        </test-method> <!-- setup -->
        <test-method signature="verifyLogo()[pri:0, instance:com.myStore.testcases.IndexPageTest@3e11f9e9]" started-at="2022-05-18T23:00:37 IST" name="verifyLogo" finished-at="2022-05-18T23:00:37 IST" duration-ms="58" status="PASS">
          <reporter-output>
          </reporter-output>
        </test-method> <!-- verifyLogo -->
        <test-method is-config="true" signature="tearDown()[pri:0, instance:com.myStore.testcases.IndexPageTest@3e11f9e9]" started-at="2022-05-18T23:00:37 IST" name="tearDown" finished-at="2022-05-18T23:00:37 IST" duration-ms="225" status="PASS">
          <reporter-output>
          </reporter-output>
        </test-method> <!-- tearDown -->
        <test-method is-config="true" signature="setup()[pri:0, instance:com.myStore.testcases.IndexPageTest@3e11f9e9]" started-at="2022-05-18T23:00:37 IST" name="setup" finished-at="2022-05-18T23:00:47 IST" duration-ms="9417" status="PASS">
          <reporter-output>
          </reporter-output>
        </test-method> <!-- setup -->
        <test-method signature="verifyTitle()[pri:0, instance:com.myStore.testcases.IndexPageTest@3e11f9e9]" started-at="2022-05-18T23:00:47 IST" name="verifyTitle" finished-at="2022-05-18T23:00:47 IST" duration-ms="7" status="PASS">
          <reporter-output>
          </reporter-output>
        </test-method> <!-- verifyTitle -->
        <test-method is-config="true" signature="tearDown()[pri:0, instance:com.myStore.testcases.IndexPageTest@3e11f9e9]" started-at="2022-05-18T23:00:47 IST" name="tearDown" finished-at="2022-05-18T23:00:47 IST" duration-ms="209" status="PASS">
          <reporter-output>
          </reporter-output>
        </test-method> <!-- tearDown -->
      </class> <!-- com.myStore.testcases.IndexPageTest -->
    </test> <!-- Smoke -->
  </suite> <!-- Suite -->
</testng-results>
